0 info it worked if it ends with ok
1 verbose cli [ '/usr/local/bin/node',
1 verbose cli   '/usr/local/bin/npm',
1 verbose cli   'run',
1 verbose cli   'ios-login' ]
2 info using npm@3.10.10
3 info using node@v6.11.3
4 verbose run-script [ 'preios-login', 'ios-login', 'postios-login' ]
5 info lifecycle appium-sample-code@1.0.0~preios-login: appium-sample-code@1.0.0
6 silly lifecycle appium-sample-code@1.0.0~preios-login: no script for preios-login, continuing
7 info lifecycle appium-sample-code@1.0.0~ios-login: appium-sample-code@1.0.0
8 verbose lifecycle appium-sample-code@1.0.0~ios-login: unsafe-perm in lifecycle true
9 verbose lifecycle appium-sample-code@1.0.0~ios-login: PATH: /usr/local/lib/node_modules/npm/bin/node-gyp-bin:/Users/rails-mac-pc/Documents/ANUP_MURAKA/Appium/Appium/node_modules/.bin:/Users/rails-mac-pc/.rvm/gems/ruby-2.4.1/bin:/Users/rails-mac-pc/.rvm/gems/ruby-2.4.1@global/bin:/Users/rails-mac-pc/.rvm/rubies/ruby-2.4.1/bin:/Library/Frameworks/Python.framework/Versions/2.7/bin:/usr/local/bin:/usr/bin:/bin:/usr/sbin:/sbin:/Users/rails-mac-pc/.rvm/bin
10 verbose lifecycle appium-sample-code@1.0.0~ios-login: CWD: /Users/rails-mac-pc/Documents/ANUP_MURAKA/Appium/Appium
11 silly lifecycle appium-sample-code@1.0.0~ios-login: Args: [ '-c', 'mocha ios-login.js' ]
12 silly lifecycle appium-sample-code@1.0.0~ios-login: Returned: code: 1  signal: null
13 info lifecycle appium-sample-code@1.0.0~ios-login: Failed to exec ios-login script
14 verbose stack Error: appium-sample-code@1.0.0 ios-login: `mocha ios-login.js`
14 verbose stack Exit status 1
14 verbose stack     at EventEmitter.<anonymous> (/usr/local/lib/node_modules/npm/lib/utils/lifecycle.js:255:16)
14 verbose stack     at emitTwo (events.js:106:13)
14 verbose stack     at EventEmitter.emit (events.js:191:7)
14 verbose stack     at ChildProcess.<anonymous> (/usr/local/lib/node_modules/npm/lib/utils/spawn.js:40:14)
14 verbose stack     at emitTwo (events.js:106:13)
14 verbose stack     at ChildProcess.emit (events.js:191:7)
14 verbose stack     at maybeClose (internal/child_process.js:920:16)
14 verbose stack     at Process.ChildProcess._handle.onexit (internal/child_process.js:230:5)
15 verbose pkgid appium-sample-code@1.0.0
16 verbose cwd /Users/rails-mac-pc/Documents/ANUP_MURAKA/Appium/Appium
17 error Darwin 16.7.0
18 error argv "/usr/local/bin/node" "/usr/local/bin/npm" "run" "ios-login"
19 error node v6.11.3
20 error npm  v3.10.10
21 error code ELIFECYCLE
22 error appium-sample-code@1.0.0 ios-login: `mocha ios-login.js`
22 error Exit status 1
23 error Failed at the appium-sample-code@1.0.0 ios-login script 'mocha ios-login.js'.
23 error Make sure you have the latest version of node.js and npm installed.
23 error If you do, this is most likely a problem with the appium-sample-code package,
23 error not with npm itself.
23 error Tell the author that this fails on your system:
23 error     mocha ios-login.js
23 error You can get information on how to open an issue for this project with:
23 error     npm bugs appium-sample-code
23 error Or if that isn't available, you can get their info via:
23 error     npm owner ls appium-sample-code
23 error There is likely additional logging output above.
24 verbose exit [ 1, true ]
